
Please enter a command: dmp

REGISTERS
---------------------------------
A    x0000    0000 0000 0000 0000 
1    x0000    0000 0000 0000 0000 
2    x0000    0000 0000 0000 0000 
3    x0000    0000 0000 0000 0000 
PC   x0000    0000 0000 0000 0000 
CC   x0000    0000 0000 0000 0000 
IR   x0000    0000 0000 0000 0000 

MEMORY
---------------------------------
0    x0000    0000 0000 0000 0000 
1    x0000    0000 0000 0000 0000 
2    x0000    0000 0000 0000 0000 
3    x0000    0000 0000 0000 0000 
4    x0000    0000 0000 0000 0000 
5    x0000    0000 0000 0000 0000 
.
. # Omitting excess empty lines
.
251  x0000    0000 0000 0000 0000 
252  x0000    0000 0000 0000 0000 
253  x0000    0000 0000 0000 0000 
254  x0000    0000 0000 0000 0000 
255  x0000    0000 0000 0000 0000 

Please enter a command: run

Running...
	Load
	Store
	Load
	Add Register
	Store
	Halt
Execution complete.

Please enter a command: dmp

REGISTERS
---------------------------------
A    x000F    0000 0000 0000 1111 
1    x0005    0000 0000 0000 0101 
2    x0000    0000 0000 0000 0000 
3    x0000    0000 0000 0000 0000 
PC   x0006    0000 0000 0000 0110 
CC   x0001    0000 0000 0000 0001 
IR   xF000    1111 0000 0000 0000 

MEMORY
---------------------------------
0    x080A    0000 1000 0000 1010 
1    x1006    0001 0000 0000 0110 
2    x0905    0000 1001 0000 0101 
3    x4100    0100 0001 0000 0000 
4    x1007    0001 0000 0000 0111 
5    xF000    1111 0000 0000 0000 
6    x000A    0000 0000 0000 1010 
7    x000F    0000 0000 0000 1111 
8    x0000    0000 0000 0000 0000 
9    x0000    0000 0000 0000 0000 
.
.
.
250  x0000    0000 0000 0000 0000 
251  x0000    0000 0000 0000 0000 
252  x0000    0000 0000 0000 0000 
253  x0000    0000 0000 0000 0000 
254  x0000    0000 0000 0000 0000 
255  x0000    0000 0000 0000 0000 

Please enter a command: nop

	No operation performed.

Please enter a command: stp

REGISTERS
---------------------------------
A    x000F    0000 0000 0000 1111 
1    x0005    0000 0000 0000 0101 
2    x0000    0000 0000 0000 0000 
3    x0000    0000 0000 0000 0000 
PC   x0006    0000 0000 0000 0110 
CC   x0001    0000 0000 0000 0001 
IR   xF000    1111 0000 0000 0000 

MEMORY
---------------------------------
0    x080A    0000 1000 0000 1010 
1    x1006    0001 0000 0000 0110 
2    x0905    0000 1001 0000 0101 
3    x4100    0100 0001 0000 0000 
4    x1007    0001 0000 0000 0111 
5    xF000    1111 0000 0000 0000 
6    x000A    0000 0000 0000 1010 
7    x000F    0000 0000 0000 1111 
8    x0000    0000 0000 0000 0000 
9    x0000    0000 0000 0000 0000 
.
. 
.
250  x0000    0000 0000 0000 0000 
251  x0000    0000 0000 0000 0000 
252  x0000    0000 0000 0000 0000 
253  x0000    0000 0000 0000 0000 
254  x0000    0000 0000 0000 0000 
255  x0000    0000 0000 0000 0000 

	Machine halted.

